<?xml version="1.0" encoding="UTF-8"?>
<coverage generated="1778506620155" clover="3.2.0">
  <project timestamp="1778506620155" name="All files">
    <metrics statements="22" coveredstatements="21" conditionals="10" coveredconditionals="10" methods="7" coveredmethods="6" elements="39" coveredelements="37" complexity="0" loc="22" ncloc="22" packages="1" files="3" classes="3"/>
    <file name="Note.jsx" path="C:\Users\usuario\Desktop\Ejercicios\notas\FRONTEND\src\components\Note.jsx">
      <metrics statements="3" coveredstatements="3" conditionals="4" coveredconditionals="4" methods="1" coveredmethods="1"/>
      <line num="1" count="1" type="stmt"/>
      <line num="2" count="3" type="cond" truecount="2" falsecount="0"/>
      <line num="4" count="3" type="stmt"/>
    </file>
    <file name="NoteForm.jsx" path="C:\Users\usuario\Desktop\Ejercicios\notas\FRONTEND\src\components\NoteForm.jsx">
      <metrics statements="10" coveredstatements="10" conditionals="2" coveredconditionals="2" methods="3" coveredmethods="3"/>
      <line num="3" count="1" type="stmt"/>
      <line num="4" count="20" type="stmt"/>
      <line num="6" count="20" type="stmt"/>
      <line num="7" count="17" type="stmt"/>
      <line num="10" count="20" type="stmt"/>
      <line num="11" count="2" type="stmt"/>
      <line num="12" count="2" type="cond" truecount="2" falsecount="0"/>
      <line num="14" count="1" type="stmt"/>
      <line num="19" count="1" type="stmt"/>
      <line num="22" count="20" type="stmt"/>
    </file>
    <file name="Togglable.jsx" path="C:\Users\usuario\Desktop\Ejercicios\notas\FRONTEND\src\components\Togglable.jsx">
      <metrics statements="9" coveredstatements="8" conditionals="4" coveredconditionals="4" methods="3" coveredmethods="2"/>
      <line num="3" count="1" type="stmt"/>
      <line num="4" count="7" type="stmt"/>
      <line num="6" count="7" type="cond" truecount="2" falsecount="0"/>
      <line num="7" count="7" type="cond" truecount="2" falsecount="0"/>
      <line num="9" count="7" type="stmt"/>
      <line num="10" count="3" type="stmt"/>
      <line num="13" count="7" type="stmt"/>
      <line num="14" count="0" type="stmt"/>
      <line num="19" count="7" type="stmt"/>
    </file>
  </project>
</coverage>
