{"C:\\Users\\usuario\\Desktop\\Ejercicios\\notas\\FRONTEND\\src\\components\\Note.jsx": {"path":"C:\\Users\\usuario\\Desktop\\Ejercicios\\notas\\FRONTEND\\src\\components\\Note.jsx","statementMap":{"0":{"start":{"line":1,"column":6},"end":{"line":13,"column":null}},"1":{"start":{"line":2,"column":16},"end":{"line":2,"column":null}},"2":{"start":{"line":4,"column":2},"end":{"line":13,"column":null}}},"fnMap":{"0":{"name":"(anonymous_0)","decl":{"start":{"line":1,"column":6},"end":{"line":1,"column":14}},"loc":{"start":{"line":1,"column":55},"end":{"line":13,"column":null}},"line":1}},"branchMap":{"0":{"loc":{"start":{"line":2,"column":16},"end":{"line":2,"column":null}},"type":"cond-expr","locations":[{"start":{"line":2,"column":33},"end":{"line":2,"column":57}},{"start":{"line":2,"column":57},"end":{"line":2,"column":null}}],"line":2},"1":{"loc":{"start":{"line":5,"column":27},"end":{"line":5,"column":null}},"type":"cond-expr","locations":[{"start":{"line":5,"column":44},"end":{"line":5,"column":63}},{"start":{"line":5,"column":63},"end":{"line":5,"column":null}}],"line":5}},"s":{"0":1,"1":3,"2":3},"f":{"0":3},"b":{"0":[2,1],"1":[2,1]},"meta":{"lastBranch":2,"lastFunction":1,"lastStatement":3,"seen":{"s:1:6:13:Infinity":0,"f:1:6:1:14":0,"s:2:16:2:Infinity":1,"b:2:33:2:57:2:57:2:Infinity":0,"s:4:2:13:Infinity":2,"b:5:44:5:63:5:63:5:Infinity":1}}}
,"C:\\Users\\usuario\\Desktop\\Ejercicios\\notas\\FRONTEND\\src\\components\\NoteForm.jsx": {"path":"C:\\Users\\usuario\\Desktop\\Ejercicios\\notas\\FRONTEND\\src\\components\\NoteForm.jsx","statementMap":{"0":{"start":{"line":3,"column":6},"end":{"line":34,"column":null}},"1":{"start":{"line":4,"column":18},"end":{"line":4,"column":44}},"2":{"start":{"line":6,"column":8},"end":{"line":7,"column":null}},"3":{"start":{"line":7,"column":4},"end":{"line":7,"column":null}},"4":{"start":{"line":10,"column":8},"end":{"line":19,"column":null}},"5":{"start":{"line":11,"column":4},"end":{"line":11,"column":null}},"6":{"start":{"line":12,"column":4},"end":{"line":12,"column":null}},"7":{"start":{"line":12,"column":25},"end":{"line":12,"column":null}},"8":{"start":{"line":14,"column":4},"end":{"line":17,"column":null}},"9":{"start":{"line":19,"column":4},"end":{"line":19,"column":null}},"10":{"start":{"line":22,"column":2},"end":{"line":34,"column":null}}},"fnMap":{"0":{"name":"(anonymous_0)","decl":{"start":{"line":3,"column":6},"end":{"line":3,"column":18}},"loc":{"start":{"line":3,"column":37},"end":{"line":34,"column":null}},"line":3},"1":{"name":"(anonymous_1)","decl":{"start":{"line":6,"column":8},"end":{"line":6,"column":24}},"loc":{"start":{"line":6,"column":34},"end":{"line":7,"column":null}},"line":6},"2":{"name":"(anonymous_2)","decl":{"start":{"line":10,"column":8},"end":{"line":10,"column":19}},"loc":{"start":{"line":10,"column":29},"end":{"line":19,"column":null}},"line":10}},"branchMap":{"0":{"loc":{"start":{"line":12,"column":4},"end":{"line":12,"column":null}},"type":"if","locations":[{"start":{"line":12,"column":4},"end":{"line":12,"column":null}},{"start":{},"end":{}}],"line":12}},"s":{"0":1,"1":20,"2":20,"3":17,"4":20,"5":2,"6":2,"7":1,"8":1,"9":1,"10":20},"f":{"0":20,"1":17,"2":2},"b":{"0":[1,1]},"meta":{"lastBranch":1,"lastFunction":3,"lastStatement":11,"seen":{"s:3:6:34:Infinity":0,"f:3:6:3:18":0,"s:4:18:4:44":1,"s:6:8:7:Infinity":2,"f:6:8:6:24":1,"s:7:4:7:Infinity":3,"s:10:8:19:Infinity":4,"f:10:8:10:19":2,"s:11:4:11:Infinity":5,"b:12:4:12:Infinity:undefined:undefined:undefined:undefined":0,"s:12:4:12:Infinity":6,"s:12:25:12:Infinity":7,"s:14:4:17:Infinity":8,"s:19:4:19:Infinity":9,"s:22:2:34:Infinity":10}}}
,"C:\\Users\\usuario\\Desktop\\Ejercicios\\notas\\FRONTEND\\src\\components\\Togglable.jsx": {"path":"C:\\Users\\usuario\\Desktop\\Ejercicios\\notas\\FRONTEND\\src\\components\\Togglable.jsx","statementMap":{"0":{"start":{"line":3,"column":6},"end":{"line":34,"column":null}},"1":{"start":{"line":4,"column":18},"end":{"line":4,"column":47}},"2":{"start":{"line":6,"column":26},"end":{"line":6,"column":60}},"3":{"start":{"line":7,"column":26},"end":{"line":7,"column":60}},"4":{"start":{"line":9,"column":8},"end":{"line":10,"column":null}},"5":{"start":{"line":10,"column":4},"end":{"line":10,"column":null}},"6":{"start":{"line":13,"column":2},"end":{"line":17,"column":null}},"7":{"start":{"line":14,"column":4},"end":{"line":16,"column":null}},"8":{"start":{"line":19,"column":2},"end":{"line":32,"column":null}}},"fnMap":{"0":{"name":"(anonymous_0)","decl":{"start":{"line":3,"column":18},"end":{"line":3,"column":30}},"loc":{"start":{"line":3,"column":45},"end":{"line":34,"column":null}},"line":3},"1":{"name":"(anonymous_1)","decl":{"start":{"line":9,"column":8},"end":{"line":9,"column":33}},"loc":{"start":{"line":9,"column":33},"end":{"line":10,"column":null}},"line":9},"2":{"name":"(anonymous_2)","decl":{"start":{"line":13,"column":22},"end":{"line":13,"column":33}},"loc":{"start":{"line":13,"column":33},"end":{"line":17,"column":null}},"line":13}},"branchMap":{"0":{"loc":{"start":{"line":6,"column":37},"end":{"line":6,"column":60}},"type":"cond-expr","locations":[{"start":{"line":6,"column":47},"end":{"line":6,"column":56}},{"start":{"line":6,"column":56},"end":{"line":6,"column":60}}],"line":6},"1":{"loc":{"start":{"line":7,"column":37},"end":{"line":7,"column":60}},"type":"cond-expr","locations":[{"start":{"line":7,"column":47},"end":{"line":7,"column":52}},{"start":{"line":7,"column":52},"end":{"line":7,"column":60}}],"line":7}},"s":{"0":1,"1":7,"2":7,"3":7,"4":7,"5":3,"6":7,"7":0,"8":7},"f":{"0":7,"1":3,"2":0},"b":{"0":[2,5],"1":[2,5]},"meta":{"lastBranch":2,"lastFunction":3,"lastStatement":9,"seen":{"s:3:6:34:Infinity":0,"f:3:18:3:30":0,"s:4:18:4:47":1,"s:6:26:6:60":2,"b:6:47:6:56:6:56:6:60":0,"s:7:26:7:60":3,"b:7:47:7:52:7:52:7:60":1,"s:9:8:10:Infinity":4,"f:9:8:9:33":1,"s:10:4:10:Infinity":5,"s:13:2:17:Infinity":6,"f:13:22:13:33":2,"s:14:4:16:Infinity":7,"s:19:2:32:Infinity":8}}}
}
